<?xml version="1.0" encoding="UTF-8"?>
<!-- Generated by org.testng.reporters.JUnitXMLReporter -->
<testsuite hostname="Hamzas-MacBook-Pro.local" ignored="0" name="Default test" tests="3" failures="0" timestamp="2020-09-01T14:35:59 CDT" time="7.182" errors="0">
  <testcase name="verifyHomePageTitleTest" time="0.025" classname="com.qa.ispeakbetter.test.HomePageTest"/>
  <testcase name="verifyHeaderTest" time="0.734" classname="com.qa.ispeakbetter.test.HomePageTest"/>
  <testcase name="doClickOnSupportAndVerifyHeaderTest" time="2.446" classname="com.qa.ispeakbetter.test.HomePageTest"/>
</testsuite> <!-- Default test -->
